<?xml version="1.0" encoding="UTF-8"?>
<!-- Generated by org.testng.reporters.JUnitReportReporter -->
<testsuite hostname="RAMKUMAR" failures="0" tests="2" name="suiteC.TestC" time="4.060" errors="0" timestamp="2023-12-31T15:12:59 IST" skipped="0">
  <testcase classname="suiteC.TestC" name="testC" time="2.035"/>
  <system-out/>
  <testcase classname="suiteC.TestC" name="testC" time="2.025"/>
  <system-out/>
</testsuite> <!-- suiteC.TestC -->
