<?xml version="1.0" encoding="UTF-8"?>
<!-- Generated by org.testng.reporters.JUnitReportReporter -->
<testsuite hostname="RAMKUMAR" failures="0" tests="2" name="suiteC.TestCC" time="4.053" errors="0" timestamp="2023-12-31T15:12:59 IST" skipped="0">
  <testcase classname="suiteC.TestCC" name="testCC" time="2.020"/>
  <system-out/>
  <testcase classname="suiteC.TestCC" name="testCC" time="2.033"/>
  <system-out/>
</testsuite> <!-- suiteC.TestCC -->
